  Camera.cpp
C:\Users\danny\OneDrive\Documents\GitHub\OPENGL_ERAU_INTRO\temp\chap_7_phong_lighting_1_Objects1\Camera.cpp(25,9): warning C4244: '+=': conversion from 'double' to 'float', possible loss of data
C:\Users\danny\OneDrive\Documents\GitHub\OPENGL_ERAU_INTRO\temp\chap_7_phong_lighting_1_Objects1\Camera.cpp(26,11): warning C4244: '+=': conversion from 'double' to 'float', possible loss of data
  chap_7_phong_lighting_1_Objects_1.cpp
C:\Users\danny\OneDrive\Documents\GitHub\OPENGL_ERAU_INTRO\temp\chap_7_phong_lighting_1_Objects1\MatrixHelper.h(4,10): warning C4067: unexpected tokens following preprocessor directive - expected a newline
C:\Users\danny\OneDrive\Documents\GitHub\OPENGL_ERAU_INTRO\temp\chap_7_phong_lighting_1_Objects1\chap_7_phong_lighting_1_Objects_1.cpp(91,47): warning C4244: 'argument': conversion from 'float' to 'int', possible loss of data
C:\Users\danny\OneDrive\Documents\GitHub\OPENGL_ERAU_INTRO\temp\chap_7_phong_lighting_1_Objects1\chap_7_phong_lighting_1_Objects_1.cpp(91,40): warning C4244: 'argument': conversion from 'float' to 'int', possible loss of data
C:\Users\danny\OneDrive\Documents\GitHub\OPENGL_ERAU_INTRO\temp\chap_7_phong_lighting_1_Objects1\chap_7_phong_lighting_1_Objects_1.cpp(153,27): warning C4244: 'argument': conversion from 'float' to 'GLsizei', possible loss of data
C:\Users\danny\OneDrive\Documents\GitHub\OPENGL_ERAU_INTRO\temp\chap_7_phong_lighting_1_Objects1\chap_7_phong_lighting_1_Objects_1.cpp(153,20): warning C4244: 'argument': conversion from 'float' to 'GLsizei', possible loss of data
  MatrixHelper.cpp
C:\Users\danny\OneDrive\Documents\GitHub\OPENGL_ERAU_INTRO\temp\chap_7_phong_lighting_1_Objects1\MatrixHelper.h(4,10): warning C4067: unexpected tokens following preprocessor directive - expected a newline
  mesh.cpp
C:\Users\danny\OneDrive\Documents\GitHub\OPENGL_ERAU_INTRO\temp\chap_7_phong_lighting_1_Objects1\mesh.cpp(261,102): warning C4267: 'argument': conversion from 'size_t' to 'GLsizei', possible loss of data
C:\Users\danny\OneDrive\Documents\GitHub\OPENGL_ERAU_INTRO\temp\chap_7_phong_lighting_1_Objects1\mesh.cpp(268,96): warning C4267: 'argument': conversion from 'size_t' to 'GLsizei', possible loss of data
  Shader.cpp
soil2-debug.lib(SOIL2.obj) : warning LNK4075: ignoring '/EDITANDCONTINUE' due to '/OPT:ICF' specification
LINK : warning LNK4098: defaultlib 'MSVCRTD' conflicts with use of other libs; use /NODEFAULTLIB:library
  Generating code
  Previous IPDB not found, fall back to full compilation.
  All 492 functions were compiled because no usable IPDB/IOBJ from previous compilation was found.
  Finished generating code
  chap_7_phong_lighting_1_Objects1.vcxproj -> C:\Users\danny\OneDrive\Documents\GitHub\OPENGL_ERAU_INTRO\temp\x64\Release\chap_7_phong_lighting_1_Objects1.exe
